2018-04-16 14:17:48.063  INFO 1068 --- [restartedMain] com.belong.MyVideoApplication            : Starting MyVideoApplication on BarryPro with PID 1068 (D:\Codes\My_Video\target\classes started by belon in D:\Codes\My_Video)
2018-04-16 14:17:48.063  INFO 1068 --- [restartedMain] com.belong.MyVideoApplication            : The following profiles are active: msg,server,dev
2018-04-16 14:17:48.066  INFO 1068 --- [restartedMain] ationConfigEmbeddedWebApplicationContext : Refreshing org.springframework.boot.context.embedded.AnnotationConfigEmbeddedWebApplicationContext@885dc1c: startup date [Mon Apr 16 14:17:48 CST 2018]; root of context hierarchy
2018-04-16 14:17:48.796  WARN 1068 --- [restartedMain] o.m.s.mapper.ClassPathMapperScanner      : No MyBatis mapper was found in '[com.belong]' package. Please check your configuration.
2018-04-16 14:17:48.876  INFO 1068 --- [restartedMain] .s.d.r.c.RepositoryConfigurationDelegate : Multiple Spring Data modules found, entering strict repository configuration mode!
2018-04-16 14:17:49.140  WARN 1068 --- [restartedMain] o.s.c.a.ConfigurationClassPostProcessor  : Cannot enhance @Configuration bean definition 'myBatisMapperScannerConfig' since its singleton instance has been created too early. The typical cause is a non-static @Bean method with a BeanDefinitionRegistryPostProcessor return type: Consider declaring such methods as 'static'.
2018-04-16 14:17:49.835  INFO 1068 --- [restartedMain] s.b.c.e.t.TomcatEmbeddedServletContainer : Tomcat initialized with port(s): 8080 (http)
2018-04-16 14:17:49.837  INFO 1068 --- [restartedMain] o.apache.catalina.core.StandardService   : Starting service [Tomcat]
2018-04-16 14:17:49.838  INFO 1068 --- [restartedMain] org.apache.catalina.core.StandardEngine  : Starting Servlet Engine: Apache Tomcat/8.5.20
2018-04-16 14:17:49.936  INFO 1068 --- [localhost-startStop-1] o.a.c.c.C.[.[localhost].[/MyVideo]       : Initializing Spring embedded WebApplicationContext
2018-04-16 14:17:49.939  INFO 1068 --- [localhost-startStop-1] o.s.web.context.ContextLoader            : Root WebApplicationContext: initialization completed in 1873 ms
2018-04-16 14:17:50.177  INFO 1068 --- [localhost-startStop-1] o.s.b.w.servlet.ServletRegistrationBean  : Mapping servlet: 'dispatcherServlet' to [/]
2018-04-16 14:17:50.180  INFO 1068 --- [localhost-startStop-1] o.s.b.w.servlet.FilterRegistrationBean   : Mapping filter: 'characterEncodingFilter' to: [/*]
2018-04-16 14:17:50.181  INFO 1068 --- [localhost-startStop-1] o.s.b.w.servlet.FilterRegistrationBean   : Mapping filter: 'springSessionRepositoryFilter' to: [/*]
2018-04-16 14:17:50.181  INFO 1068 --- [localhost-startStop-1] o.s.b.w.servlet.FilterRegistrationBean   : Mapping filter: 'hiddenHttpMethodFilter' to: [/*]
2018-04-16 14:17:50.182  INFO 1068 --- [localhost-startStop-1] o.s.b.w.servlet.FilterRegistrationBean   : Mapping filter: 'httpPutFormContentFilter' to: [/*]
2018-04-16 14:17:50.182  INFO 1068 --- [localhost-startStop-1] o.s.b.w.servlet.FilterRegistrationBean   : Mapping filter: 'requestContextFilter' to: [/*]
2018-04-16 14:17:58.451  INFO 5744 --- [restartedMain] com.belong.MyVideoApplication            : Starting MyVideoApplication on BarryPro with PID 5744 (D:\Codes\My_Video\target\classes started by belon in D:\Codes\My_Video)
2018-04-16 14:17:58.452  INFO 5744 --- [restartedMain] com.belong.MyVideoApplication            : The following profiles are active: msg,server,dev
2018-04-16 14:17:58.516  INFO 5744 --- [restartedMain] ationConfigEmbeddedWebApplicationContext : Refreshing org.springframework.boot.context.embedded.AnnotationConfigEmbeddedWebApplicationContext@76966745: startup date [Mon Apr 16 14:17:58 CST 2018]; root of context hierarchy
2018-04-16 14:17:59.547  WARN 5744 --- [restartedMain] o.m.s.mapper.ClassPathMapperScanner      : No MyBatis mapper was found in '[com.belong]' package. Please check your configuration.
2018-04-16 14:17:59.574  INFO 5744 --- [restartedMain] .s.d.r.c.RepositoryConfigurationDelegate : Multiple Spring Data modules found, entering strict repository configuration mode!
2018-04-16 14:17:59.708  WARN 5744 --- [restartedMain] o.s.c.a.ConfigurationClassPostProcessor  : Cannot enhance @Configuration bean definition 'myBatisMapperScannerConfig' since its singleton instance has been created too early. The typical cause is a non-static @Bean method with a BeanDefinitionRegistryPostProcessor return type: Consider declaring such methods as 'static'.
2018-04-16 14:18:01.035  INFO 5744 --- [restartedMain] s.b.c.e.t.TomcatEmbeddedServletContainer : Tomcat initialized with port(s): 8080 (http)
2018-04-16 14:18:01.070  INFO 5744 --- [restartedMain] o.apache.catalina.core.StandardService   : Starting service [Tomcat]
2018-04-16 14:18:01.074  INFO 5744 --- [restartedMain] org.apache.catalina.core.StandardEngine  : Starting Servlet Engine: Apache Tomcat/8.5.20
2018-04-16 14:18:01.460  INFO 5744 --- [localhost-startStop-1] o.a.c.c.C.[.[localhost].[/MyVideo]       : Initializing Spring embedded WebApplicationContext
2018-04-16 14:18:01.462  INFO 5744 --- [localhost-startStop-1] o.s.web.context.ContextLoader            : Root WebApplicationContext: initialization completed in 2950 ms
2018-04-16 14:18:02.327  INFO 5744 --- [localhost-startStop-1] o.s.b.w.servlet.ServletRegistrationBean  : Mapping servlet: 'dispatcherServlet' to [/]
2018-04-16 14:18:02.340  INFO 5744 --- [localhost-startStop-1] o.s.b.w.servlet.FilterRegistrationBean   : Mapping filter: 'characterEncodingFilter' to: [/*]
2018-04-16 14:18:02.342  INFO 5744 --- [localhost-startStop-1] o.s.b.w.servlet.FilterRegistrationBean   : Mapping filter: 'springSessionRepositoryFilter' to: [/*]
2018-04-16 14:18:02.343  INFO 5744 --- [localhost-startStop-1] o.s.b.w.servlet.FilterRegistrationBean   : Mapping filter: 'hiddenHttpMethodFilter' to: [/*]
2018-04-16 14:18:02.344  INFO 5744 --- [localhost-startStop-1] o.s.b.w.servlet.FilterRegistrationBean   : Mapping filter: 'httpPutFormContentFilter' to: [/*]
2018-04-16 14:18:02.345  INFO 5744 --- [localhost-startStop-1] o.s.b.w.servlet.FilterRegistrationBean   : Mapping filter: 'requestContextFilter' to: [/*]
2018-04-16 14:18:04.565  INFO 5744 --- [restartedMain] s.w.s.m.m.a.RequestMappingHandlerAdapter : Looking for @ControllerAdvice: org.springframework.boot.context.embedded.AnnotationConfigEmbeddedWebApplicationContext@76966745: startup date [Mon Apr 16 14:17:58 CST 2018]; root of context hierarchy
2018-04-16 14:18:04.938  INFO 5744 --- [restartedMain] s.w.s.m.m.a.RequestMappingHandlerMapping : Mapped "{[/my_review/query]}" onto public java.lang.String com.belong.controller.ArticleController.query(int,int,int,java.util.Map,javax.servlet.http.HttpServletResponse)
2018-04-16 14:18:04.941  INFO 5744 --- [restartedMain] s.w.s.m.m.a.RequestMappingHandlerMapping : Mapped "{[/my_review/reply]}" onto public java.lang.String com.belong.controller.ArticleController.reply(com.belong.model.Article,java.util.Map)
2018-04-16 14:18:04.943  INFO 5744 --- [restartedMain] s.w.s.m.m.a.RequestMappingHandlerMapping : Mapped "{[/my_review/review/Vid/{vid}]}" onto public java.lang.String com.belong.controller.ArticleController.review(int,java.util.Map,javax.servlet.http.HttpServletResponse)
2018-04-16 14:18:04.944  INFO 5744 --- [restartedMain] s.w.s.m.m.a.RequestMappingHandlerMapping : Mapped "{[/my_review/add_article]}" onto public java.lang.String com.belong.controller.ArticleController.addArticle(com.belong.model.Article,java.util.Map)
2018-04-16 14:18:04.945  INFO 5744 --- [restartedMain] s.w.s.m.m.a.RequestMappingHandlerMapping : Mapped "{[/my_review/agree]}" onto public java.lang.String com.belong.controller.ArticleController.agree(int,java.util.Map,javax.servlet.http.HttpServletResponse)
2018-04-16 14:18:04.946  INFO 5744 --- [restartedMain] s.w.s.m.m.a.RequestMappingHandlerMapping : Mapped "{[/my_review/disagree]}" onto public java.lang.String com.belong.controller.ArticleController.disagree(int,java.util.Map,javax.servlet.http.HttpServletResponse)
2018-04-16 14:18:04.947  INFO 5744 --- [restartedMain] s.w.s.m.m.a.RequestMappingHandlerMapping : Mapped "{[/my_review/delete]}" onto public java.lang.String com.belong.controller.ArticleController.deleteArticle(int,java.util.Map)
2018-04-16 14:18:04.949  INFO 5744 --- [restartedMain] s.w.s.m.m.a.RequestMappingHandlerMapping : Mapped "{[/]}" onto public java.lang.String com.belong.controller.IndexController.index()
2018-04-16 14:18:04.953  INFO 5744 --- [restartedMain] s.w.s.m.m.a.RequestMappingHandlerMapping : Mapped "{[/my_order/preview]}" onto public java.lang.String com.belong.controller.OrderController.insertOrder(java.lang.String,java.lang.String,java.lang.String,java.util.Map)
2018-04-16 14:18:04.954  INFO 5744 --- [restartedMain] s.w.s.m.m.a.RequestMappingHandlerMapping : Mapped "{[/my_order/paySubmit]}" onto public java.lang.String com.belong.controller.OrderController.insertPayOrder(java.lang.String,java.lang.String,java.util.Map)
2018-04-16 14:18:04.966  INFO 5744 --- [restartedMain] s.w.s.m.m.a.RequestMappingHandlerMapping : Mapped "{[/my_user/register]}" onto public java.lang.String com.belong.controller.UserController.register(com.belong.model.User,java.util.Map,javax.servlet.http.HttpServletRequest,org.springframework.web.multipart.MultipartFile)
2018-04-16 14:18:04.967  INFO 5744 --- [restartedMain] s.w.s.m.m.a.RequestMappingHandlerMapping : Mapped "{[/my_user/visitor]}" onto public java.lang.String com.belong.controller.UserController.getVisitor(javax.servlet.http.HttpServletResponse)
2018-04-16 14:18:04.968  INFO 5744 --- [restartedMain] s.w.s.m.m.a.RequestMappingHandlerMapping : Mapped "{[/my_user/logout]}" onto public java.lang.String com.belong.controller.UserController.logout(org.springframework.web.bind.support.SessionStatus,java.util.Map)
2018-04-16 14:18:04.969  INFO 5744 --- [restartedMain] s.w.s.m.m.a.RequestMappingHandlerMapping : Mapped "{[/my_user/pic/userid/{uid}]}" onto public java.lang.String com.belong.controller.UserController.getPic(int,javax.servlet.http.HttpServletResponse)
2018-04-16 14:18:04.970  INFO 5744 --- [restartedMain] s.w.s.m.m.a.RequestMappingHandlerMapping : Mapped "{[/my_user/setting]}" onto public java.lang.String com.belong.controller.UserController.setting()
2018-04-16 14:18:04.971  INFO 5744 --- [restartedMain] s.w.s.m.m.a.RequestMappingHandlerMapping : Mapped "{[/my_user/login]}" onto public java.lang.String com.belong.controller.UserController.login(com.belong.model.User,java.util.Map,int,java.lang.String,javax.servlet.http.HttpServletResponse)
2018-04-16 14:18:04.972  INFO 5744 --- [restartedMain] s.w.s.m.m.a.RequestMappingHandlerMapping : Mapped "{[/my_user/num_setting]}" onto public java.lang.String com.belong.controller.UserController.getSelect(int,int,java.util.Map)
2018-04-16 14:18:04.977  INFO 5744 --- [restartedMain] s.w.s.m.m.a.RequestMappingHandlerMapping : Mapped "{[/my_video/home]}" onto public java.lang.String com.belong.controller.VideoController.main()
2018-04-16 14:18:04.978  INFO 5744 --- [restartedMain] s.w.s.m.m.a.RequestMappingHandlerMapping : Mapped "{[/my_video/src/Vid/{vid}/Uid/{uid}]}" onto public java.lang.String com.belong.controller.VideoController.getPath(int,int,java.util.Map,javax.servlet.http.HttpServletResponse)
2018-04-16 14:18:04.979  INFO 5744 --- [restartedMain] s.w.s.m.m.a.RequestMappingHandlerMapping : Mapped "{[/my_video/search]}" onto public java.lang.String com.belong.controller.VideoController.search(java.lang.String,int,int,javax.servlet.http.HttpServletResponse)
2018-04-16 14:18:04.980  INFO 5744 --- [restartedMain] s.w.s.m.m.a.RequestMappingHandlerMapping : Mapped "{[/my_video/pic/Vid/{vid}]}" onto public java.lang.String com.belong.controller.VideoController.getPic(int,javax.servlet.http.HttpServletResponse)
2018-04-16 14:18:04.981  INFO 5744 --- [restartedMain] s.w.s.m.m.a.RequestMappingHandlerMapping : Mapped "{[/my_video/upload]}" onto public java.lang.String com.belong.controller.VideoController.upload(com.belong.model.Movies,com.belong.model.Review,org.springframework.web.multipart.MultipartFile,org.springframework.web.multipart.MultipartFile,java.lang.String,javax.servlet.http.HttpServletRequest,java.util.Map)
2018-04-16 14:18:04.982  INFO 5744 --- [restartedMain] s.w.s.m.m.a.RequestMappingHandlerMapping : Mapped "{[/my_video/top20]}" onto public java.lang.String com.belong.controller.VideoController.getTop20(javax.servlet.http.HttpServletResponse)
2018-04-16 14:18:04.983  INFO 5744 --- [restartedMain] s.w.s.m.m.a.RequestMappingHandlerMapping : Mapped "{[/my_video/db_info]}" onto public java.lang.String com.belong.controller.VideoController.getDB_info(java.lang.String,java.lang.String,java.lang.String,javax.servlet.http.HttpServletResponse)
2018-04-16 14:18:04.990  INFO 5744 --- [restartedMain] s.w.s.m.m.a.RequestMappingHandlerMapping : Mapped "{[/error]}" onto public org.springframework.http.ResponseEntity<java.util.Map<java.lang.String, java.lang.Object>> org.springframework.boot.autoconfigure.web.BasicErrorController.error(javax.servlet.http.HttpServletRequest)
2018-04-16 14:18:04.992  INFO 5744 --- [restartedMain] s.w.s.m.m.a.RequestMappingHandlerMapping : Mapped "{[/error],produces=[text/html]}" onto public org.springframework.web.servlet.ModelAndView org.springframework.boot.autoconfigure.web.BasicErrorController.errorHtml(javax.servlet.http.HttpServletRequest,javax.servlet.http.HttpServletResponse)
2018-04-16 14:18:05.100  INFO 5744 --- [restartedMain] o.s.w.s.handler.SimpleUrlHandlerMapping  : Mapped URL path [/static/**] onto handler of type [class org.springframework.web.servlet.resource.ResourceHttpRequestHandler]
2018-04-16 14:18:05.100  INFO 5744 --- [restartedMain] o.s.w.s.handler.SimpleUrlHandlerMapping  : Mapped URL path [/webjars/**] onto handler of type [class org.springframework.web.servlet.resource.ResourceHttpRequestHandler]
2018-04-16 14:18:05.101  INFO 5744 --- [restartedMain] o.s.w.s.handler.SimpleUrlHandlerMapping  : Mapped URL path [/**] onto handler of type [class org.springframework.web.servlet.resource.ResourceHttpRequestHandler]
2018-04-16 14:18:05.221  INFO 5744 --- [restartedMain] o.s.w.s.handler.SimpleUrlHandlerMapping  : Mapped URL path [/**/favicon.ico] onto handler of type [class org.springframework.web.servlet.resource.ResourceHttpRequestHandler]
2018-04-16 14:18:06.216  INFO 5744 --- [restartedMain] o.s.w.s.v.f.FreeMarkerConfigurer         : ClassTemplateLoader for Spring macros added to FreeMarker configuration
2018-04-16 14:18:08.114  INFO 5744 --- [restartedMain] o.s.b.d.a.OptionalLiveReloadServer       : LiveReload server is running on port 35729
2018-04-16 14:18:08.307  INFO 5744 --- [restartedMain] o.s.j.e.a.AnnotationMBeanExporter        : Registering beans for JMX exposure on startup
2018-04-16 14:18:08.314  INFO 5744 --- [restartedMain] o.s.j.e.a.AnnotationMBeanExporter        : Bean with name 'dataSource' has been autodetected for JMX exposure
2018-04-16 14:18:08.332  INFO 5744 --- [restartedMain] o.s.j.e.a.AnnotationMBeanExporter        : Located MBean 'dataSource': registering with JMX server as MBean [com.alibaba.druid.pool:name=dataSource,type=DruidDataSource]
2018-04-16 14:18:08.343  INFO 5744 --- [restartedMain] o.s.c.support.DefaultLifecycleProcessor  : Starting beans in phase 2147483647
2018-04-16 14:18:08.408  INFO 5744 --- [restartedMain] s.a.ScheduledAnnotationBeanPostProcessor : No TaskScheduler/ScheduledExecutorService bean found for scheduled processing
2018-04-16 14:18:08.585  INFO 5744 --- [restartedMain] s.b.c.e.t.TomcatEmbeddedServletContainer : Tomcat started on port(s): 8080 (http)
2018-04-16 14:18:08.589  INFO 5744 --- [restartedMain] com.belong.MyVideoApplication            : Started MyVideoApplication in 10.739 seconds (JVM running for 11.545)
2018-04-16 14:18:15.623  INFO 5744 --- [Thread-28] ationConfigEmbeddedWebApplicationContext : Closing org.springframework.boot.context.embedded.AnnotationConfigEmbeddedWebApplicationContext@76966745: startup date [Mon Apr 16 14:17:58 CST 2018]; root of context hierarchy
2018-04-16 14:18:15.624  INFO 5744 --- [Thread-28] o.s.c.support.DefaultLifecycleProcessor  : Stopping beans in phase 2147483647
2018-04-16 14:18:15.627  INFO 5744 --- [Thread-28] o.s.j.e.a.AnnotationMBeanExporter        : Unregistering JMX-exposed beans on shutdown
2018-04-16 14:18:15.627  INFO 5744 --- [Thread-28] o.s.j.e.a.AnnotationMBeanExporter        : Unregistering JMX-exposed beans
2018-04-16 14:18:15.988 ERROR 5744 --- [restartedMain] o.s.boot.SpringApplication               : Application startup failed

java.lang.IllegalStateException: Failed to load property source from location 'classpath:/application-dev.yml'
	at org.springframework.boot.context.config.ConfigFileApplicationListener$Loader.loadIntoGroup(ConfigFileApplicationListener.java:476) ~[spring-boot-1.5.7.RELEASE.jar:1.5.7.RELEASE]
	at org.springframework.boot.context.config.ConfigFileApplicationListener$Loader.load(ConfigFileApplicationListener.java:450) ~[spring-boot-1.5.7.RELEASE.jar:1.5.7.RELEASE]
	at org.springframework.boot.context.config.ConfigFileApplicationListener$Loader.load(ConfigFileApplicationListener.java:386) ~[spring-boot-1.5.7.RELEASE.jar:1.5.7.RELEASE]
	at org.springframework.boot.context.config.ConfigFileApplicationListener.addPropertySources(ConfigFileApplicationListener.java:225) ~[spring-boot-1.5.7.RELEASE.jar:1.5.7.RELEASE]
	at org.springframework.boot.context.config.ConfigFileApplicationListener.postProcessEnvironment(ConfigFileApplicationListener.java:195) ~[spring-boot-1.5.7.RELEASE.jar:1.5.7.RELEASE]
	at org.springframework.boot.context.config.ConfigFileApplicationListener.onApplicationEnvironmentPreparedEvent(ConfigFileApplicationListener.java:182) ~[spring-boot-1.5.7.RELEASE.jar:1.5.7.RELEASE]
	at org.springframework.boot.context.config.ConfigFileApplicationListener.onApplicationEvent(ConfigFileApplicationListener.java:168) ~[spring-boot-1.5.7.RELEASE.jar:1.5.7.RELEASE]
	at org.springframework.context.event.SimpleApplicationEventMulticaster.doInvokeListener(SimpleApplicationEventMulticaster.java:172) ~[spring-context-4.3.11.RELEASE.jar:4.3.11.RELEASE]
	at org.springframework.context.event.SimpleApplicationEventMulticaster.invokeListener(SimpleApplicationEventMulticaster.java:165) ~[spring-context-4.3.11.RELEASE.jar:4.3.11.RELEASE]
	at org.springframework.context.event.SimpleApplicationEventMulticaster.multicastEvent(SimpleApplicationEventMulticaster.java:139) ~[spring-context-4.3.11.RELEASE.jar:4.3.11.RELEASE]
	at org.springframework.context.event.SimpleApplicationEventMulticaster.multicastEvent(SimpleApplicationEventMulticaster.java:122) ~[spring-context-4.3.11.RELEASE.jar:4.3.11.RELEASE]
	at org.springframework.boot.context.event.EventPublishingRunListener.environmentPrepared(EventPublishingRunListener.java:74) ~[spring-boot-1.5.7.RELEASE.jar:1.5.7.RELEASE]
	at org.springframework.boot.SpringApplicationRunListeners.environmentPrepared(SpringApplicationRunListeners.java:54) ~[spring-boot-1.5.7.RELEASE.jar:1.5.7.RELEASE]
	at org.springframework.boot.SpringApplication.prepareEnvironment(SpringApplication.java:325) [spring-boot-1.5.7.RELEASE.jar:1.5.7.RELEASE]
	at org.springframework.boot.SpringApplication.run(SpringApplication.java:296) [spring-boot-1.5.7.RELEASE.jar:1.5.7.RELEASE]
	at org.springframework.boot.SpringApplication.run(SpringApplication.java:1118) [spring-boot-1.5.7.RELEASE.jar:1.5.7.RELEASE]
	at org.springframework.boot.SpringApplication.run(SpringApplication.java:1107) [spring-boot-1.5.7.RELEASE.jar:1.5.7.RELEASE]
	at com.belong.MyVideoApplication.main(MyVideoApplication.java:10) [classes/:na]
	at sun.reflect.NativeMethodAccessorImpl.invoke0(Native Method) ~[na:1.8.0_161]
	at sun.reflect.NativeMethodAccessorImpl.invoke(NativeMethodAccessorImpl.java:62) ~[na:1.8.0_161]
	at sun.reflect.DelegatingMethodAccessorImpl.invoke(DelegatingMethodAccessorImpl.java:43) ~[na:1.8.0_161]
	at java.lang.reflect.Method.invoke(Method.java:498) ~[na:1.8.0_161]
	at org.springframework.boot.devtools.restart.RestartLauncher.run(RestartLauncher.java:49) [spring-boot-devtools-1.5.7.RELEASE.jar:1.5.7.RELEASE]
Caused by: org.yaml.snakeyaml.scanner.ScannerException: mapping values are not allowed here
 in 'reader', line 51, column 18:
      path: classpath: log4j.xml
                     ^

	at org.yaml.snakeyaml.scanner.ScannerImpl.fetchValue(ScannerImpl.java:871) ~[snakeyaml-1.17.jar:na]
	at org.yaml.snakeyaml.scanner.ScannerImpl.fetchMoreTokens(ScannerImpl.java:360) ~[snakeyaml-1.17.jar:na]
	at org.yaml.snakeyaml.scanner.ScannerImpl.checkToken(ScannerImpl.java:226) ~[snakeyaml-1.17.jar:na]
	at org.yaml.snakeyaml.parser.ParserImpl$ParseBlockMappingKey.produce(ParserImpl.java:557) ~[snakeyaml-1.17.jar:na]
	at org.yaml.snakeyaml.parser.ParserImpl.peekEvent(ParserImpl.java:157) ~[snakeyaml-1.17.jar:na]
	at org.yaml.snakeyaml.parser.ParserImpl.checkEvent(ParserImpl.java:147) ~[snakeyaml-1.17.jar:na]
	at org.yaml.snakeyaml.composer.Composer.composeMappingNode(Composer.java:224) ~[snakeyaml-1.17.jar:na]
	at org.yaml.snakeyaml.composer.Composer.composeNode(Composer.java:155) ~[snakeyaml-1.17.jar:na]
	at org.yaml.snakeyaml.composer.Composer.composeValueNode(Composer.java:246) ~[snakeyaml-1.17.jar:na]
	at org.yaml.snakeyaml.composer.Composer.composeMappingChildren(Composer.java:237) ~[snakeyaml-1.17.jar:na]
	at org.yaml.snakeyaml.composer.Composer.composeMappingNode(Composer.java:225) ~[snakeyaml-1.17.jar:na]
	at org.yaml.snakeyaml.composer.Composer.composeNode(Composer.java:155) ~[snakeyaml-1.17.jar:na]
	at org.yaml.snakeyaml.composer.Composer.composeDocument(Composer.java:122) ~[snakeyaml-1.17.jar:na]
	at org.yaml.snakeyaml.composer.Composer.getNode(Composer.java:84) ~[snakeyaml-1.17.jar:na]
	at org.yaml.snakeyaml.constructor.BaseConstructor.getData(BaseConstructor.java:104) ~[snakeyaml-1.17.jar:na]
	at org.yaml.snakeyaml.Yaml$1.next(Yaml.java:471) ~[snakeyaml-1.17.jar:na]
	at org.springframework.beans.factory.config.YamlProcessor.process(YamlProcessor.java:160) ~[spring-beans-4.3.11.RELEASE.jar:4.3.11.RELEASE]
	at org.springframework.beans.factory.config.YamlProcessor.process(YamlProcessor.java:138) ~[spring-beans-4.3.11.RELEASE.jar:4.3.11.RELEASE]
	at org.springframework.boot.env.YamlPropertySourceLoader$Processor.process(YamlPropertySourceLoader.java:101) ~[spring-boot-1.5.7.RELEASE.jar:1.5.7.RELEASE]
	at org.springframework.boot.env.YamlPropertySourceLoader.load(YamlPropertySourceLoader.java:58) ~[spring-boot-1.5.7.RELEASE.jar:1.5.7.RELEASE]
	at org.springframework.boot.env.PropertySourcesLoader.load(PropertySourcesLoader.java:127) ~[spring-boot-1.5.7.RELEASE.jar:1.5.7.RELEASE]
	at org.springframework.boot.context.config.ConfigFileApplicationListener$Loader.doLoadIntoGroup(ConfigFileApplicationListener.java:490) ~[spring-boot-1.5.7.RELEASE.jar:1.5.7.RELEASE]
	at org.springframework.boot.context.config.ConfigFileApplicationListener$Loader.loadIntoGroup(ConfigFileApplicationListener.java:473) ~[spring-boot-1.5.7.RELEASE.jar:1.5.7.RELEASE]
	... 22 common frames omitted

